
< 17-12-12 14:48:40 >==============================================
Device is Inserted On Driver : [Hub1 Port8] [VER:0, SN:6&138403c3&0#{53]
   Begin the USB Task...
   Step 1 disable...
   Begin Step 2... Action: Write, Chip: RAM, Address: 0xF8002000, File: F:\work\item\7582\v110\program\Tools\G+CodePacker 1.0.9 Patch 001\USBMassProductionTool/code/gp15b_ispbin.bin
   Step 2 - Start Time : 2017/12/12 PM 02:48:44:319
   Step 2 - End Time : 2017/12/12 PM 02:48:44:327
   Step 2 ok! Spent Time: 0.15s
   Begin Step 3... Action: Jump to Function, Chip: RAM, Address: 0xF8002000
   Step 3 - Start Time : 2017/12/12 PM 02:48:44:327
   Step 3 - End Time : 2017/12/12 PM 02:48:44:328
   Step 3 ok! Spent Time: 0.0s
   Begin Step 4... Action: Erase, Chip: SPI Nor Flash, Address: 0x0000, Length: 40
   Step 4 - Start Time : 2017/12/12 PM 02:48:44:328
   Step 4 - End Time : 2017/12/12 PM 02:48:54:419
   Step 4 ok! Spent Time: 10.93s
   Begin Step 5... Action: Write, Chip: SPI Nor Flash, Address: 0x0000, File: F:\work\item\7582\v110\program\Tools/gpcv1248_spifc_pack_/cb_result.bin
   Step 5 - Start Time : 2017/12/12 PM 02:48:54:419
   Step 5 - End Time : 2017/12/12 PM 02:48:57:363
   Step 5 ok! Spent Time: 2.933s
   USB Task Finished! Spent Time: 13.41s
   Device is Pullouted.

< 17-12-12 15:06:15 >==============================================
Device is Inserted On Driver : [Hub1 Port8] [VER:0, SN:6&12fe1ab9&0#{53]
   Device is Pullouted.

< 17-12-12 15:09:31 >==============================================
Device is Inserted On Driver : [Hub1 Port8] [VER:0, SN:6&12fe1ab9&0#{53]
   Device is Pullouted.
