
< 17-11-23 08:51:39 >==============================================
Device is Inserted On Driver : [Hub1 Port8] [VER:0, SN:6&12fe1ab9&0#{53]
   Device is Pullouted.

< 17-11-23 08:52:57 >==============================================
Device is Inserted On Driver : [Hub1 Port8] [VER:0, SN:6&12fe1ab9&0#{53]
   Device is Pullouted.

< 17-11-23 08:53:23 >==============================================
Device is Inserted On Driver : [Hub1 Port8] [VER:0, SN:6&12fe1ab9&0#{53]
   Device is Pullouted.

< 17-11-23 08:53:59 >==============================================
Device is Inserted On Driver : [Hub1 Port8] [VER:0, SN:6&12fe1ab9&0#{53]
   Device is Pullouted.

< 17-11-23 09:21:41 >==============================================
Device is Inserted On Driver : [Hub1 Port8] [VER:0, SN:6&12fe1ab9&0#{53]
   Device is Pullouted.

< 17-11-23 10:01:56 >==============================================
Device is Inserted On Driver : [Hub1 Port8] [VER:0, SN:6&12fe1ab9&0#{53]
   Device is Pullouted.

< 17-11-23 13:34:40 >==============================================
Device is Inserted On Driver : [Hub1 Port8] [VER:0, SN:6&12fe1ab9&0#{53]
   Device is Pullouted.

< 17-11-23 13:36:56 >==============================================
Device is Inserted On Driver : [Hub1 Port8] [VER:0, SN:6&12fe1ab9&0#{53]
   Device is Pullouted.

< 17-11-23 13:37:48 >==============================================
Device is Inserted On Driver : [Hub1 Port8] [VER:0, SN:6&12fe1ab9&0#{53]
   Device is Pullouted.

< 17-11-23 13:40:35 >==============================================
Device is Inserted On Driver : [Hub1 Port8] [VER:0, SN:6&138403c3&0#{53]
   Begin the USB Task...
   Step 1 disable...
   Begin Step 2... Action: Write, Chip: RAM, Address: 0xF8002000, File: F:\work\item\7582\v110\program\Tools\G+CodePacker 1.0.9 Patch 001\USBMassProductionTool/code/gp15b_ispbin.bin
   Step 2 - Start Time : 2017/11/23 PM 01:40:39:138
   Step 2 - End Time : 2017/11/23 PM 01:40:39:144
   Step 2 ok! Spent Time: 0.0s
   Begin Step 3... Action: Jump to Function, Chip: RAM, Address: 0xF8002000
   Step 3 - Start Time : 2017/11/23 PM 01:40:39:144
   Step 3 - End Time : 2017/11/23 PM 01:40:39:145
   Step 3 ok! Spent Time: 0.0s
   Begin Step 4... Action: Erase, Chip: SPI Nor Flash, Address: 0x0000, Length: 40
   Step 4 - Start Time : 2017/11/23 PM 01:40:39:145
   Step 4 - End Time : 2017/11/23 PM 01:40:49:241
   Step 4 ok! Spent Time: 10.93s
   Begin Step 5... Action: Write, Chip: SPI Nor Flash, Address: 0x0000, File: F:\work\item\7582\v110\program\Tools/gpcv1248_spifc_pack_/cb_result.bin
   Step 5 - Start Time : 2017/11/23 PM 01:40:49:241
   Step 5 - End Time : 2017/11/23 PM 01:40:52:149
   Step 5 ok! Spent Time: 2.918s
   USB Task Finished! Spent Time: 13.11s
   Device is Pullouted.

< 17-11-23 13:43:19 >==============================================
Device is Inserted On Driver : [Hub1 Port8] [VER:0, SN:6&12fe1ab9&0#{53]
   Device is Pullouted.
