
< 17-09-19 17:52:58 >==============================================
Device is Inserted On Driver : [Hub1 Port7] [VER:0, SN:6&45dc40a&0#{53f]
   Device is Pullouted.

< 17-09-19 17:53:21 >==============================================
Device is Inserted On Driver : [Hub1 Port7] [VER:0, SN:6&22245a72&0#{53]
   Begin the USB Task...
   Step 1 disable...
   Begin Step 2... Action: Write, Chip: RAM, Address: 0xF8002000, File: F:\work\item\7535\v022\program\Tools\G+CodePacker 1.0.9 Patch 001\USBMassProductionTool/code/gp15b_ispbin.bin
   Step 2 - Start Time : 2017/09/19 PM 05:53:24:968
   Step 2 - End Time : 2017/09/19 PM 05:53:24:975
   Step 2 ok! Spent Time: 0.0s
   Begin Step 3... Action: Jump to Function, Chip: RAM, Address: 0xF8002000
   Step 3 - Start Time : 2017/09/19 PM 05:53:24:975
   Step 3 - End Time : 2017/09/19 PM 05:53:24:976
   Step 3 ok! Spent Time: 0.16s
   Begin Step 4... Action: Erase, Chip: SPI Nor Flash, Address: 0x0000, Length: 40
   Step 4 - Start Time : 2017/09/19 PM 05:53:24:976
   Step 4 - End Time : 2017/09/19 PM 05:53:35:222
   Step 4 ok! Spent Time: 10.233s
   Begin Step 5... Action: Write, Chip: SPI Nor Flash, Address: 0x0000, File: F:\work\item\7535\v022\program\Tools/gpcv1248_spifc_pack_/cb_result.bin
   Step 5 - Start Time : 2017/09/19 PM 05:53:35:223
   Step 5 - End Time : 2017/09/19 PM 05:53:37:700
   Step 5 ok! Spent Time: 2.481s
   USB Task Finished! Spent Time: 12.730s
   Device is Pullouted.

< 17-09-19 17:59:03 >==============================================
Device is Inserted On Driver : [Hub1 Port7] [VER:0, SN:6&45dc40a&0#{53f]
